  {
    "_raw": "08/06/2025 05:24:22 PM\nLogName=Microsoft-Windows-PowerShell/Operational\nEventCode=4104\nEventType=3\nComputerName=PS-VICTIM-01.powershellsentinel.local\nUser=NOT_TRANSLATED\nSid=S-1-5-21-3587967245-3585281529-945259784-500\nSidType=0\nSourceName=Microsoft-Windows-PowerShell\nType=Warning\nRecordNumber=476\nKeywords=None\nTaskCategory=Execute a Remote Command\nOpCode=On create calls\nMessage=Splunk could not get the description for this event. Either the component that raises this event is not installed on your local computer or the installation is corrupt.\n\nFormatMessage error:\n\nGot the following information from this event: \n\n\n#requires -version 3.0\n\ntry { Microsoft.PowerShell.Core\\Set-StrictMode -Off } catch { }\n\n$script:MyModule = $MyInvocation.MyCommand.ScriptBlock.Module\n\n$script:ClassName = 'ROOT/StandardCimv2/MSFT_NetRoute'\n$script:ClassVersion = '1.0.0'\n$script:ModuleVersion = '1.0.0'\n$script:ObjectModelWrapper = [Microsoft.PowerShell.Cmdletization.Cim.CimCmdletAdapter]\n\n$script:PrivateData = [System.Collections.Generic.Dictionary[string,string]]::new()\n\nMicrosoft.PowerShell.Core\\Export-ModuleMember -Function @()\n        \n\nfunction __cmdletization_BindCommonParameters\n{\n    param(\n        $__cmdletization_objectModelWrapper,\n        $myPSBoundParameters\n    )       \n                \n\n        if ($myPSBoundParameters.ContainsKey('CimSession')) { \n            $__cmdletization_objectModelWrapper.PSObject.Properties['CimSession'].Value = $myPSBoundParameters['CimSession'] \n        }\n                    \n\n        if ($myPSBoundParameters.ContainsKey('ThrottleLimit')) { \n            $__cmdletization_objectModelWrapper.PSObject.Properties['ThrottleLimit'].Value = $myPSBoundParameters['ThrottleLimit'] \n        }\n                    \n\n        if ($myPSBoundParameters.ContainsKey('AsJob')) { \n            $__cmdletization_objectModelWrapper.PSObject.Properties['AsJob'].Value = $myPSBoundParameters['AsJob'] \n        }\n                    \n\n}\n                \n\nfunction New-NetRoute\n{\n    [CmdletBinding(DefaultParameterSetName='ByInterfaceAlias', SupportsShouldProcess=$true, ConfirmImpact='Medium', PositionalBinding=$false)]\n    \n    [OutputType([Microsoft.Management.Infrastructure.CimInstance[]])][OutputType([Microsoft.Management.Infrastructure.CimInstance[]])]\n    param(\n    \n    [Parameter(ParameterSetName='ByInterfaceAlias', Mandatory=$true, Position=0)]\n    [Parameter(ParameterSetName='ByInterfaceIndex', Mandatory=$true, Position=0)]\n    [string]\n    ${DestinationPrefix},\n\n    [Parameter(ParameterSetName='ByInterfaceAlias', Mandatory=$true, ValueFromPipelineByPropertyName=$true)]\n    [Alias('ifAlias')]\n    [string]\n    ${InterfaceAlias},\n\n    [Parameter(ParameterSetName='ByInterfaceAlias')]\n    [Parameter(ParameterSetName='ByInterfaceIndex')]\n    [Microsoft.PowerShell.Cmdletization.GeneratedTypes.NetRoute.AddressFamily]\n    ${AddressFamily},\n\n    [Parameter(ParameterSetName='ByInterfaceAlias')]\n    [Parameter(ParameterSetName='ByInterfaceIndex')]\n    [string]\n    ${NextHop},\n\n    [Parameter(ParameterSetName='ByInterfaceAlias')]\n    [Parameter(ParameterSetName='ByInterfaceIndex')]\n    [string]\n    ${PolicyStore},\n\n    [Parameter(ParameterSetName='ByInterfaceAlias')]\n    [Parameter(ParameterSetName='ByInterfaceIndex')]\n    [Microsoft.PowerShell.Cmdletization.GeneratedTypes.NetRoute.Publish]\n    ${Publish},\n\n    [Parameter(ParameterSetName='ByInterfaceAlias')]\n    [Parameter(ParameterSetName='ByInterfaceIndex')]\n    [uint16]\n    ${RouteMetric},\n\n    [Parameter(ParameterSetName='ByInterfaceAlias')]\n    [Parameter(ParameterSetName='ByInterfaceIndex')]\n    [Microsoft.PowerShell.Cmdletization.GeneratedTypes.NetRoute.Protocol]\n    ${Protocol},\n\n    [Parameter(ParameterSetName='ByInterfaceAlias')]\n    [Parameter(ParameterSetName='ByInterfaceIndex')]\n    [timespan]\n    ${ValidLifetime},\n\n    [Parameter(ParameterSetName='ByInterfaceAlias')]\n    [Parameter(ParameterSetName='ByInterfaceIndex')]\n    [timespan]\n    ${PreferredLifetime},\n\n    [Parameter(ParameterSetName='ByInterfaceIndex', Mandatory=$true, ValueFromPipelineByPropertyName=$true)]\n    [Alias('ifIndex')]\n    [uint32]\n    ${InterfaceIndex},\n\n    [Parameter(ParameterSetName='ByInterfaceAlias')]\n    [Parameter(ParameterSetName='ByInterfaceIndex')]\n    [Alias('Session')]\n    [ValidateNotNullOrEmpty()]\n    [CimSession[]]\n    ${CimSession},\n\n    [Parameter(ParameterSetName='ByInterfaceAlias')]\n    [Parameter(ParameterSetName='ByInterfaceIndex')]\n    [int]\n    ${ThrottleLimit},\n\n    [Parameter(ParameterSetName='ByInterfaceAlias')]\n    [Parameter(ParameterSetName='ByInterfaceIndex')]\n    [switch]\n    ${AsJob})\n\n    DynamicParam {\n        try \n        {\n            if (-not $__cmdletization_exceptionHasBeenThrown)\n            {\n                $__cmdletization_objectModelWrapper = $script:ObjectModelWrapper::new()\n                $__cmdletization_objectModelWrapper.Initialize($PSCmdlet, $script:ClassName, $script:ClassVersion, $script:ModuleVersion, $script:PrivateData)\n\n                if ($__cmdletization_objectModelWrapper -is [System.Management.Automation.IDynamicParameters])\n                {\n                    ([System.Management.Automation.IDynamicParameters]$__cmdletization_objectModelWrapper).GetDynamicParameters()\n                }\n            }\n        }\n        catch\n        {\n            $__cmdletization_exceptionHasBeenThrown = $true\n            throw\n        }\n    }\n\n    Begin {\n        $__cmdletization_exceptionHasBeenThrown = $false\n        try \n        {\n            __cmdletization_BindCommonParameters $__cmdletization_objectModelWrapper $PSBoundParameters\n            $__cmdletization_objectModelWrapper.BeginProcessing()\n        }\n        catch\n        {\n            $__cmdletization_exceptionHasBeenThrown = $true\n            throw\n        }\n    }\n        \n\n    Process {\n        try \n        {\n            if (-not $__cmdletization_exceptionHasBeenThrown)\n            {\n      $__cmdletization_methodParameters = [System.Collections.Generic.List[Microsoft.PowerShell.Cmdletization.MethodParameter]]::new()\n\n      switch -exact ($PSCmdlet.ParameterSetName) { \n        { @('ByInterfaceAlias') -contains $_ } {\n        [object]$__cmdletization_defaultValue = $null\n        [object]$__cmdletization_defaultValueIsPresent = $false\n        if ($PSBoundParameters.ContainsKey('DestinationPrefix')) {\n          [object]$__cmdletization_value = ${DestinationPrefix}\n          $__cmdletization_methodParameter = [Microsoft.PowerShell.Cmdletization.MethodParameter]@{Name = 'DestinationPrefix'; ParameterType = 'System.String'; Bindings = 'In'; Value = $__cmdletization_value; IsValuePresent = $true}\n        } else {\n          $__cmdletization_methodParameter = [Microsoft.PowerShell.Cmdletization.MethodParameter]@{Name = 'DestinationPrefix'; ParameterType = 'System.String'; Bindings = 'In'; Value = $__cmdletization_defaultValue; IsValuePresent = $__cmdletization_defaultValueIsPresent}\n        }\n        $__cmdletization_methodParameters.Add($__cmdletization_methodParameter)\n\n        [object]$__cmdletization_defaultValue = $null\n        [object]$__cmdletization_defaultValueIsPresent = $false\n        if ($PSBoundParameters.ContainsKey('InterfaceAlias')) {\n          [object]$__cmdletization_value = ${InterfaceAlias}\n          $__cmdletization_methodParameter = [Microsoft.PowerShell.Cmdletization.MethodParameter]@{Name = 'InterfaceAlias'; ParameterType = 'System.String'; Bindings = 'In'; Value = $__cmdletization_value; IsValuePresent = $true}\n        } else {\n          $__cmdletization_methodParameter = [Microsoft.PowerShell.Cmdletization.MethodParameter]@{Name = 'InterfaceAlias'; ParameterType = 'System.String'; Bindings = 'In'; Value = $__cmdletization_defaultValue; IsValuePresent = $__cmdletization_defaultValueIsPresent}\n        }\n        $__cmdletization_methodParameters.Add($__cmdletization_methodParameter)\n\n        [object]$__cmdletization_defaultValue = $null\n        [object]$__cmdletization_defaultValueIsPresent = $false\n        if ($PSBoundParameters.ContainsKey('AddressFamily')) {\n          [object]$__cmdletization_value = ${AddressFamily}\n          $__cmdletization_methodParameter = [Microsoft.PowerShell.Cmdletization.MethodParameter]@{Name = 'AddressFamily'; ParameterType = 'Microsoft.PowerShell.Cmdletization.GeneratedTypes.NetRoute.AddressFamily'; Bindings = 'In'; Value = $__cmdletization_value; IsValuePresent = $true}\n        } else {\n          $__cmdletization_methodParameter = [Microsoft.PowerShell.Cmdletization.MethodParameter]@{Name = 'AddressFamily'; ParameterType = 'Microsoft.PowerShell.Cmdletization.GeneratedTypes.NetRoute.AddressFamily'; Bindings = 'In'; Value = $__cmdletization_defaultValue; IsValuePresent = $__cmdletization_defaultValueIsPresent}\n        }\n        $__cmdletization_methodParameters.Add($__cmdletization_methodParameter)\n\n        [object]$__cmdletization_defaultValue = $null\n        [object]$__cmdletization_defaultValueIsPresent = $false\n        if ($PSBoundParameters.ContainsKey('NextHop')) {\n          [object]$__cmdletization_value = ${NextHop}\n          $__cmdletization_methodParameter = [Microsoft.PowerShell.Cmdletization.MethodParameter]@{Name = 'NextHop'; ParameterType = 'System.String'; Bindings = 'In'; Value = $__cmdletization_value; IsValuePresent = $true}\n        } else {\n          $__cmdletization_methodParameter = [Microsoft.PowerShell.Cmdletization.MethodParameter]@{Name = 'NextHop'; ParameterType = 'System.String'; Bindings = 'In'; Value = $__cmdletization_defaultValue; IsValuePresent = $__cmdletization_defaultValueIsPresent}\n        }\n        $__cmdletization_methodParameters.Add($__cmdletization_methodParameter)\n\n        [object]$__cmdletization_defaultValue = $null\n        [object]$__cmdletization_defaultValueIsPresent = $false\n        if ($PSBoundParameters.ContainsKey('PolicyStore')) {\n          [object]$__cmdletization_value = ${PolicyStore}\n          $__cmdletization_methodParameter = [Microsoft.PowerShell.Cmdletization.MethodParameter]@{Name = 'PolicyStore'; ParameterType = 'System.String'; Bindings = 'In'; Value = $__cmdletization_value; IsValuePresent = $true}\n        } else {\n          $__cmdletization_methodParameter = [Microsoft.PowerShell.Cmdletization.MethodParameter]@{Name = 'PolicyStore'; ParameterType = 'System.String'; Bindings = 'In'; Value = $__cmdletization_defaultValue; IsValuePresent = $__cmdletization_defaultValueIsPresent}\n        }\n        $__cmdletization_methodParameters.Add($__cmdletization_methodParameter)\n\n        [object]$__cmdletization_defaultValue = $null\n        [object]$__cmdletization_defaultValueIsPresent = $false\n        if ($PSBoundParameters.ContainsKey('Publish')) {\n          [object]$__cmdletization_value = ${Publish}\n          $__cmdletization_methodParameter = [Microsoft.PowerShell.Cmdletization.MethodParameter]@{Name = 'Publish'; ParameterType = 'Microsoft.PowerShell.Cmdletization.GeneratedTypes.NetRoute.Publish'; Bindings = 'In'; Value = $__cmdletization_value; IsValuePresent = $true}\n        } else {\n          $__cmdletization_methodParameter = [Microsoft.PowerShell.Cmdletization.MethodParameter]@{Name = 'Publish'; ParameterType = 'Microsoft.PowerShell.Cmdletization.GeneratedTypes.NetRoute.Publish'; Bindings = 'In'; Value = $__cmdletization_defaultValue; IsValuePresent = $__cmdletization_defaultValueIsPresent}\n        }\n        $__cmdletization_methodParameters.Add($__cmdletization_methodParameter)\n\n        [object]$__cmdletization_defaultValue = $null\n        [object]$__cmdletization_defaultValueIsPresent = $false\n        if ($PSBoundParameters.ContainsKey('RouteMetric')) {\n          [object]$__cmdletization_value = ${RouteMetric}\n          $__cmdletization_methodParameter = [Microsoft.PowerShell.Cmdletization.MethodParameter]@{Name = 'RouteMetric'; ParameterType = 'System.UInt16'; Bindings = 'In'; Value = $__cmdletization_value; IsValuePresent = $true}\n        } else {\n          $__cmdletization_methodParameter = [Microsoft.PowerShell.Cmdletization.MethodParameter]@{Name = 'RouteMetric'; ParameterType = 'System.UInt16'; Bindings = 'In'; Value = $__cmdletization_defaultValue; IsValuePresent = $__cmdletization_defaultValueIsPresent}\n        }\n        $__cmdletization_methodParameters.Add($__cmdletization_methodParameter)\n\n        [object]$__cmdletization_defaultValue = $null\n        [object]$__cmdletization_defaultValueIsPresent = $false\n        if ($PSBoundParameters.ContainsKey('Protocol')) {\n          [object]$__cmdletization_value = ${Protocol}\n          $__cmdletization_methodParameter = [Microsoft.PowerShell.Cmdletization.MethodParameter]@{Name = 'Protocol'; ParameterType = 'Microsoft.PowerShell.Cmdletization.GeneratedTypes.NetRoute.Protocol'; Bindings = 'In'; Value = $__cmdletization_value; IsValuePresent = $true}\n        } else {\n          $__cmdletization_methodParameter = [Microsoft.PowerShell.Cmdletization.MethodParameter]@{Name = 'Protocol'; ParameterType = 'Microsoft.PowerShell.Cmdletization.GeneratedTypes.NetRoute.Protocol'; Bindings = 'In'; Value = $__cmdletization_defaultValue; IsValuePresent = $__cmdletization_defaultValueIsPresent}\n        }\n        $__cmdletization_methodParameters.Add($__cmdletization_methodParameter)\n\n        [object]$__cmdletization_defaultValue = $null\n        [object]$__cmdletization_defaultValueIsPresent = $false\n        if ($PSBoundParameters.ContainsKey('ValidLifetime')) {\n          [object]$__cmdletization_value = ${ValidLifetime}\n          $__cmdletization_methodParameter = [Microsoft.PowerShell.Cmdletization.MethodParameter]@{Name = 'ValidLifetime'; ParameterType = 'System.TimeSpan'; Bindings = 'In'; Value = $__cmdletization_value; IsValuePresent = $true}\n        } else {\n          $__cmdletization_methodParameter = [Microsoft.PowerShell.Cmdletization.MethodParameter]@{Name = 'ValidLifetime'; ParameterType = 'System.TimeSpan'; Bindings = 'In'; Value = $__cmdletization_defaultValue; IsValuePresent = $__cmdletization_defaultValueIsPresent}\n        }\n        $__cmdletization_methodParameters.Add($__cmdletization_methodParameter)\n\n        [object]$__cmdletization_defaultValue = $null\n        [object]$__cmdletization_defaultValueIsPresent = $false\n        if ($PSBoundParameters.ContainsKey('PreferredLifetime')) {\n          [object]$__cmdletization_value = ${PreferredLifetime}\n          $__cmdletization_methodParameter = [Microsoft.PowerShell.Cmdletization.MethodParameter]@{Name = 'PreferredLifetime'; ParameterType = 'System.TimeSpan'; Bindings = 'In'; Value = $__cmdletization_value; IsValuePresent = $true}\n        } else {\n          $__cmdletization_methodParameter = [Microsoft.PowerShell.Cmdletization.MethodParameter]@{Name = 'PreferredLifetime'; ParameterType = 'System.TimeSpan'; Bindings = 'In'; Value = $__cmdletization_defaultValue; IsValuePresent = $__cmdletization_defaultValueIsPresent}\n        }\n        $__cmdletization_methodParameters.Add($__cmdletization_methodParameter)\n\n        [object]$__cmdletization_defaultValue = $null\n        [object]$__cmdletization_defaultValueIsPresent = $false\n          $__cmdletization_methodParameter = [Microsoft.PowerShell.Cmdletization.MethodParameter]@{Name = 'CmdletOutput'; ParameterType = 'Microsoft.Management.Infrastructure.CimInstance[]'; Bindings = 'Out'; Value = $__cmdletization_defaultValue; IsValuePresent = $__cmdletization_defaultValueIsPresent}\n        $__cmdletization_methodParameters.Add($__cmdletization_methodParameter)\n\n      $__cmdletization_returnValue = [Microsoft.PowerShell.Cmdletization.MethodParameter]@{ Name = 'ReturnValue'; ParameterType = 'System.UInt32'; Bindings = 'Error'; Value = $null; IsValuePresent = $false }\n      $__cmdletization_methodInvocationInfo = [Microsoft.PowerShell.Cmdletization.MethodInvocationInfo]::new('Create', $__cmdletization_methodParameters, $__cmdletization_returnValue)\n      $__cmdletization_objectModelWrapper.ProcessRecord($__cmdletization_methodInvocationInfo)\n        }\n        { @('ByInterfaceIndex') -contains $_ } {\n        [object]$__cmdletization_defaultValue = $null\n        [object]$__cmdletization_defaultValueIsPresent = $false\n        if ($PSBoundPara\n48060392-8085-4a6e-82e3-4ff6908cbacc",
    "_time": "2025-08-06T17:24:22.000+00:00",
    "source": "WinEventLog:Microsoft-Windows-PowerShell/Operational",
    "sourcetype": "WinEventLog:Microsoft-Windows-PowerShell/Operational",
    "_bkt": "main~3~D9137144-2BA4-49FB-A605-EB695929BB1A",
    "_cd": "3:17117",
    "_indextime": "1754501062",
    "_serial": "46",
    "_si": [
      "PS-DEV-01",
      "main"
    ],
    "_sourcetype": "WinEventLog:Microsoft-Windows-PowerShell/Operational",
    "host": "PS-VICTIM-01",
    "index": "main",
    "linecount": "301",
    "splunk_server": "PS-DEV-01"
  },
  {
    "_raw": "08/06/2025 05:24:22 PM\nLogName=Microsoft-Windows-PowerShell/Operational\nEventCode=4103\nEventType=4\nComputerName=PS-VICTIM-01.powershellsentinel.local\nUser=NOT_TRANSLATED\nSid=S-1-5-21-3587967245-3585281529-945259784-500\nSidType=0\nSourceName=Microsoft-Windows-PowerShell\nType=Information\nRecordNumber=475\nKeywords=None\nTaskCategory=Executing Pipeline\nOpCode=To be used when operation is just executing a method\nMessage=CommandInvocation(Export-ModuleMember): \"Export-ModuleMember\"\nParameterBinding(Export-ModuleMember): name=\"Function\"; value=\"Get-NetPrefixPolicy\"\nParameterBinding(Export-ModuleMember): name=\"Alias\"; value=\"*\"\n\n\nContext:\n        Severity = Informational\n        Host Name = ConsoleHost\n        Host Version = 5.1.20348.3932\n        Host ID = 3d722da8-4c22-4035-ae86-da8b8d39bbd9\n        Host Application = powershell.exe -Command Get-NetIPAddress\n        Engine Version = 5.1.20348.3932\n        Runspace ID = a126cfe4-e1d1-496d-9c5a-1ee8bf7f15cd\n        Pipeline ID = 20\n        Command Name = Export-ModuleMember\n        Command Type = Cmdlet\n        Script Name = \n        Command Path = \n        Sequence Number = 86\n        User = POWERSHELLSENTI\\lab_admin\n        Connected User = \n        Shell ID = Microsoft.PowerShell\n\n\nUser Data:",
    "_time": "2025-08-06T17:24:22.000+00:00",
    "source": "WinEventLog:Microsoft-Windows-PowerShell/Operational",
    "sourcetype": "WinEventLog:Microsoft-Windows-PowerShell/Operational",
    "_bkt": "main~3~D9137144-2BA4-49FB-A605-EB695929BB1A",
    "_cd": "3:17076",
    "_indextime": "1754501062",
    "_serial": "47",
    "_si": [
      "PS-DEV-01",
      "main"
    ],
    "_sourcetype": "WinEventLog:Microsoft-Windows-PowerShell/Operational",
    "host": "PS-VICTIM-01",
    "index": "main",
    "linecount": "39",
    "splunk_server": "PS-DEV-01"
  },
  {
    "_raw": "08/06/2025 05:24:22 PM\nLogName=Microsoft-Windows-PowerShell/Operational\nEventCode=4103\nEventType=4\nComputerName=PS-VICTIM-01.powershellsentinel.local\nUser=NOT_TRANSLATED\nSid=S-1-5-21-3587967245-3585281529-945259784-500\nSidType=0\nSourceName=Microsoft-Windows-PowerShell\nType=Information\nRecordNumber=474\nKeywords=None\nTaskCategory=Executing Pipeline\nOpCode=To be used when operation is just executing a method\nMessage=CommandInvocation(Export-ModuleMember): \"Export-ModuleMember\"\nParameterBinding(Export-ModuleMember): name=\"Function\"; value=\"\"\n\n\nContext:\n        Severity = Informational\n        Host Name = ConsoleHost\n        Host Version = 5.1.20348.3932\n        Host ID = 3d722da8-4c22-4035-ae86-da8b8d39bbd9\n        Host Application = powershell.exe -Command Get-NetIPAddress\n        Engine Version = 5.1.20348.3932\n        Runspace ID = a126cfe4-e1d1-496d-9c5a-1ee8bf7f15cd\n        Pipeline ID = 20\n        Command Name = Export-ModuleMember\n        Command Type = Cmdlet\n        Script Name = \n        Command Path = \n        Sequence Number = 84\n        User = POWERSHELLSENTI\\lab_admin\n        Connected User = \n        Shell ID = Microsoft.PowerShell\n\n\nUser Data:",
    "_time": "2025-08-06T17:24:22.000+00:00",
    "source": "WinEventLog:Microsoft-Windows-PowerShell/Operational",
    "sourcetype": "WinEventLog:Microsoft-Windows-PowerShell/Operational",
    "_bkt": "main~3~D9137144-2BA4-49FB-A605-EB695929BB1A",
    "_cd": "3:17038",
    "_indextime": "1754501062",
    "_serial": "48",
    "_si": [
      "PS-DEV-01",
      "main"
    ],
    "_sourcetype": "WinEventLog:Microsoft-Windows-PowerShell/Operational",
    "host": "PS-VICTIM-01",
    "index": "main",
    "linecount": "38",
    "splunk_server": "PS-DEV-01"
  },
  {
    "_raw": "08/06/2025 05:24:22 PM\nLogName=Microsoft-Windows-PowerShell/Operational\nEventCode=4103\nEventType=4\nComputerName=PS-VICTIM-01.powershellsentinel.local\nUser=NOT_TRANSLATED\nSid=S-1-5-21-3587967245-3585281529-945259784-500\nSidType=0\nSourceName=Microsoft-Windows-PowerShell\nType=Information\nRecordNumber=473\nKeywords=None\nTaskCategory=Executing Pipeline\nOpCode=To be used when operation is just executing a method\nMessage=CommandInvocation(Set-StrictMode): \"Set-StrictMode\"\nParameterBinding(Set-StrictMode): name=\"Off\"; value=\"True\"\n\n\nContext:\n        Severity = Informational\n        Host Name = ConsoleHost\n        Host Version = 5.1.20348.3932\n        Host ID = 3d722da8-4c22-4035-ae86-da8b8d39bbd9\n        Host Application = powershell.exe -Command Get-NetIPAddress\n        Engine Version = 5.1.20348.3932\n        Runspace ID = a126cfe4-e1d1-496d-9c5a-1ee8bf7f15cd\n        Pipeline ID = 20\n        Command Name = Set-StrictMode\n        Command Type = Cmdlet\n        Script Name = \n        Command Path = \n        Sequence Number = 82\n        User = POWERSHELLSENTI\\lab_admin\n        Connected User = \n        Shell ID = Microsoft.PowerShell\n\n\nUser Data:",
    "_time": "2025-08-06T17:24:22.000+00:00",
    "source": "WinEventLog:Microsoft-Windows-PowerShell/Operational",
    "sourcetype": "WinEventLog:Microsoft-Windows-PowerShell/Operational",
    "_bkt": "main~3~D9137144-2BA4-49FB-A605-EB695929BB1A",
    "_cd": "3:17000",
    "_indextime": "1754501062",
    "_serial": "49",
    "_si": [
      "PS-DEV-01",
      "main"
    ],
    "_sourcetype": "WinEventLog:Microsoft-Windows-PowerShell/Operational",
    "host": "PS-VICTIM-01",
    "index": "main",
    "linecount": "38",
    "splunk_server": "PS-DEV-01"
  },
  {
    "_raw": "08/06/2025 05:24:22 PM\nLogName=Microsoft-Windows-PowerShell/Operational\nEventCode=4104\nEventType=3\nComputerName=PS-VICTIM-01.powershellsentinel.local\nUser=NOT_TRANSLATED\nSid=S-1-5-21-3587967245-3585281529-945259784-500\nSidType=0\nSourceName=Microsoft-Windows-PowerShell\nType=Warning\nRecordNumber=472\nKeywords=None\nTaskCategory=Execute a Remote Command\nOpCode=On create calls\nMessage=Creating Scriptblock text (1 of 1):\n\n#requires -version 3.0\n\ntry { Microsoft.PowerShell.Core\\Set-StrictMode -Off } catch { }\n\n$script:MyModule = $MyInvocation.MyCommand.ScriptBlock.Module\n\n$script:ClassName = 'ROOT/StandardCimv2/MSFT_NetPrefixPolicy'\n$script:ClassVersion = '1.0.0'\n$script:ModuleVersion = '1.0.0'\n$script:ObjectModelWrapper = [Microsoft.PowerShell.Cmdletization.Cim.CimCmdletAdapter]\n\n$script:PrivateData = [System.Collections.Generic.Dictionary[string,string]]::new()\n\nMicrosoft.PowerShell.Core\\Export-ModuleMember -Function @()\n        \n\nfunction __cmdletization_BindCommonParameters\n{\n    param(\n        $__cmdletization_objectModelWrapper,\n        $myPSBoundParameters\n    )       \n                \n\n        if ($myPSBoundParameters.ContainsKey('CimSession')) { \n            $__cmdletization_objectModelWrapper.PSObject.Properties['CimSession'].Value = $myPSBoundParameters['CimSession'] \n        }\n                    \n\n        if ($myPSBoundParameters.ContainsKey('ThrottleLimit')) { \n            $__cmdletization_objectModelWrapper.PSObject.Properties['ThrottleLimit'].Value = $myPSBoundParameters['ThrottleLimit'] \n        }\n                    \n\n        if ($myPSBoundParameters.ContainsKey('AsJob')) { \n            $__cmdletization_objectModelWrapper.PSObject.Properties['AsJob'].Value = $myPSBoundParameters['AsJob'] \n        }\n                    \n\n}\n                \n\nfunction Get-NetPrefixPolicy\n{\n    [CmdletBinding(DefaultParameterSetName='ByName', PositionalBinding=$false)]\n    \n    [OutputType([Microsoft.Management.Infrastructure.CimInstance])]\n[OutputType('Microsoft.Management.Infrastructure.CimInstance#ROOT/StandardCimv2/MSFT_NetPrefixPolicy')]\n\n    param(\n    \n    [Parameter(ParameterSetName='ByName', Position=0)]\n    [ValidateNotNull()]\n    [string[]]\n    ${Prefix},\n\n    [Parameter(ParameterSetName='ByName')]\n    [ValidateNotNull()]\n    [uint32[]]\n    ${Precedence},\n\n    [Parameter(ParameterSetName='ByName')]\n    [ValidateNotNull()]\n    [uint32[]]\n    ${Label},\n\n    [Parameter(ParameterSetName='ByName')]\n    [Alias('Session')]\n    [ValidateNotNullOrEmpty()]\n    [CimSession[]]\n    ${CimSession},\n\n    [Parameter(ParameterSetName='ByName')]\n    [int]\n    ${ThrottleLimit},\n\n    [Parameter(ParameterSetName='ByName')]\n    [switch]\n    ${AsJob})\n\n    DynamicParam {\n        try \n        {\n            if (-not $__cmdletization_exceptionHasBeenThrown)\n            {\n                $__cmdletization_objectModelWrapper = $script:ObjectModelWrapper::new()\n                $__cmdletization_objectModelWrapper.Initialize($PSCmdlet, $script:ClassName, $script:ClassVersion, $script:ModuleVersion, $script:PrivateData)\n\n                if ($__cmdletization_objectModelWrapper -is [System.Management.Automation.IDynamicParameters])\n                {\n                    ([System.Management.Automation.IDynamicParameters]$__cmdletization_objectModelWrapper).GetDynamicParameters()\n                }\n            }\n        }\n        catch\n        {\n            $__cmdletization_exceptionHasBeenThrown = $true\n            throw\n        }\n    }\n\n    Begin {\n        $__cmdletization_exceptionHasBeenThrown = $false\n        try \n        {\n            __cmdletization_BindCommonParameters $__cmdletization_objectModelWrapper $PSBoundParameters\n            $__cmdletization_objectModelWrapper.BeginProcessing()\n        }\n        catch\n        {\n            $__cmdletization_exceptionHasBeenThrown = $true\n            throw\n        }\n    }\n        \n\n    Process {\n        try \n        {\n            if (-not $__cmdletization_exceptionHasBeenThrown)\n            {\n    $__cmdletization_queryBuilder = $__cmdletization_objectModelWrapper.GetQueryBuilder()\n    if ($PSBoundParameters.ContainsKey('Prefix') -and (@('ByName') -contains $PSCmdlet.ParameterSetName )) {\n        $__cmdletization_values = @(${Prefix})\n        $__cmdletization_queryBuilder.FilterByProperty('Prefix', $__cmdletization_values, $true, 'Default')\n    }\n    if ($PSBoundParameters.ContainsKey('Precedence') -and (@('ByName') -contains $PSCmdlet.ParameterSetName )) {\n        $__cmdletization_values = @(${Precedence})\n        $__cmdletization_queryBuilder.FilterByProperty('Precedence', $__cmdletization_values, $false, 'Default')\n    }\n    if ($PSBoundParameters.ContainsKey('Label') -and (@('ByName') -contains $PSCmdlet.ParameterSetName )) {\n        $__cmdletization_values = @(${Label})\n        $__cmdletization_queryBuilder.FilterByProperty('Label', $__cmdletization_values, $false, 'Default')\n    }\n\n\n    $__cmdletization_objectModelWrapper.ProcessRecord($__cmdletization_queryBuilder)\n            }\n        }\n        catch\n        {\n            $__cmdletization_exceptionHasBeenThrown = $true\n            throw\n        }\n    }\n        \n\n    End {\n        try\n        {\n            if (-not $__cmdletization_exceptionHasBeenThrown)\n            {\n                $__cmdletization_objectModelWrapper.EndProcessing()\n            }\n        }\n        catch\n        {\n            throw\n        }\n    }\n\n    # .EXTERNALHELP MSFT_NetPrefixPolicy.cdxml-Help.xml\n}\nMicrosoft.PowerShell.Core\\Export-ModuleMember -Function 'Get-NetPrefixPolicy' -Alias '*'\n        \n\n\nScriptBlock ID: 8ce7702c-ad16-47ad-baac-38d5f76bfba5\nPath:",
    "_time": "2025-08-06T17:24:22.000+00:00",
    "source": "WinEventLog:Microsoft-Windows-PowerShell/Operational",
    "sourcetype": "WinEventLog:Microsoft-Windows-PowerShell/Operational",
    "_bkt": "main~3~D9137144-2BA4-49FB-A605-EB695929BB1A",
    "_cd": "3:16819",
    "_indextime": "1754501062",
    "_serial": "50",
    "_si": [
      "PS-DEV-01",
      "main"
    ],
    "_sourcetype": "WinEventLog:Microsoft-Windows-PowerShell/Operational",
    "host": "PS-VICTIM-01",
    "index": "main",
    "linecount": "185",
    "splunk_server": "PS-DEV-01"
  },
  {
    "_raw": "08/06/2025 05:24:22 PM\nLogName=Microsoft-Windows-PowerShell/Operational\nEventCode=4103\nEventType=4\nComputerName=PS-VICTIM-01.powershellsentinel.local\nUser=NOT_TRANSLATED\nSid=S-1-5-21-3587967245-3585281529-945259784-500\nSidType=0\nSourceName=Microsoft-Windows-PowerShell\nType=Information\nRecordNumber=471\nKeywords=None\nTaskCategory=Executing Pipeline\nOpCode=To be used when operation is just executing a method\nMessage=CommandInvocation(Export-ModuleMember): \"Export-ModuleMember\"\nParameterBinding(Export-ModuleMember): name=\"Function\"; value=\"Set-NetOffloadGlobalSetting\"\nParameterBinding(Export-ModuleMember): name=\"Alias\"; value=\"*\"\n\n\nContext:\n        Severity = Informational\n        Host Name = ConsoleHost\n        Host Version = 5.1.20348.3932\n        Host ID = 3d722da8-4c22-4035-ae86-da8b8d39bbd9\n        Host Application = powershell.exe -Command Get-NetIPAddress\n        Engine Version = 5.1.20348.3932\n        Runspace ID = a126cfe4-e1d1-496d-9c5a-1ee8bf7f15cd\n        Pipeline ID = 20\n        Command Name = Export-ModuleMember\n        Command Type = Cmdlet\n        Script Name = \n        Command Path = \n        Sequence Number = 80\n        User = POWERSHELLSENTI\\lab_admin\n        Connected User = \n        Shell ID = Microsoft.PowerShell\n\n\nUser Data:",
    "_time": "2025-08-06T17:24:22.000+00:00",
    "source": "WinEventLog:Microsoft-Windows-PowerShell/Operational",
    "sourcetype": "WinEventLog:Microsoft-Windows-PowerShell/Operational",
    "_bkt": "main~3~D9137144-2BA4-49FB-A605-EB695929BB1A",
    "_cd": "3:16778",
    "_indextime": "1754501062",
    "_serial": "51",
    "_si": [
      "PS-DEV-01",
      "main"
    ],
    "_sourcetype": "WinEventLog:Microsoft-Windows-PowerShell/Operational",
    "host": "PS-VICTIM-01",
    "index": "main",
    "linecount": "39",
    "splunk_server": "PS-DEV-01"
  },
  {
    "_raw": "08/06/2025 05:24:22 PM\nLogName=Microsoft-Windows-PowerShell/Operational\nEventCode=4103\nEventType=4\nComputerName=PS-VICTIM-01.powershellsentinel.local\nUser=NOT_TRANSLATED\nSid=S-1-5-21-3587967245-3585281529-945259784-500\nSidType=0\nSourceName=Microsoft-Windows-PowerShell\nType=Information\nRecordNumber=470\nKeywords=None\nTaskCategory=Executing Pipeline\nOpCode=To be used when operation is just executing a method\nMessage=CommandInvocation(Export-ModuleMember): \"Export-ModuleMember\"\nParameterBinding(Export-ModuleMember): name=\"Function\"; value=\"Get-NetOffloadGlobalSetting\"\nParameterBinding(Export-ModuleMember): name=\"Alias\"; value=\"*\"\n\n\nContext:\n        Severity = Informational\n        Host Name = ConsoleHost\n        Host Version = 5.1.20348.3932\n        Host ID = 3d722da8-4c22-4035-ae86-da8b8d39bbd9\n        Host Application = powershell.exe -Command Get-NetIPAddress\n        Engine Version = 5.1.20348.3932\n        Runspace ID = a126cfe4-e1d1-496d-9c5a-1ee8bf7f15cd\n        Pipeline ID = 20\n        Command Name = Export-ModuleMember\n        Command Type = Cmdlet\n        Script Name = \n        Command Path = \n        Sequence Number = 78\n        User = POWERSHELLSENTI\\lab_admin\n        Connected User = \n        Shell ID = Microsoft.PowerShell\n\n\nUser Data:",
    "_time": "2025-08-06T17:24:22.000+00:00",
    "source": "WinEventLog:Microsoft-Windows-PowerShell/Operational",
    "sourcetype": "WinEventLog:Microsoft-Windows-PowerShell/Operational",
    "_bkt": "main~3~D9137144-2BA4-49FB-A605-EB695929BB1A",
    "_cd": "3:16737",
    "_indextime": "1754501062",
    "_serial": "52",
    "_si": [
      "PS-DEV-01",
      "main"
    ],
    "_sourcetype": "WinEventLog:Microsoft-Windows-PowerShell/Operational",
    "host": "PS-VICTIM-01",
    "index": "main",
    "linecount": "39",
    "splunk_server": "PS-DEV-01"
  },
  {
    "_raw": "08/06/2025 05:24:22 PM\nLogName=Microsoft-Windows-PowerShell/Operational\nEventCode=4103\nEventType=4\nComputerName=PS-VICTIM-01.powershellsentinel.local\nUser=NOT_TRANSLATED\nSid=S-1-5-21-3587967245-3585281529-945259784-500\nSidType=0\nSourceName=Microsoft-Windows-PowerShell\nType=Information\nRecordNumber=469\nKeywords=None\nTaskCategory=Executing Pipeline\nOpCode=To be used when operation is just executing a method\nMessage=CommandInvocation(Export-ModuleMember): \"Export-ModuleMember\"\nParameterBinding(Export-ModuleMember): name=\"Function\"; value=\"\"\n\n\nContext:\n        Severity = Informational\n        Host Name = ConsoleHost\n        Host Version = 5.1.20348.3932\n        Host ID = 3d722da8-4c22-4035-ae86-da8b8d39bbd9\n        Host Application = powershell.exe -Command Get-NetIPAddress\n        Engine Version = 5.1.20348.3932\n        Runspace ID = a126cfe4-e1d1-496d-9c5a-1ee8bf7f15cd\n        Pipeline ID = 20\n        Command Name = Export-ModuleMember\n        Command Type = Cmdlet\n        Script Name = \n        Command Path = \n        Sequence Number = 76\n        User = POWERSHELLSENTI\\lab_admin\n        Connected User = \n        Shell ID = Microsoft.PowerShell\n\n\nUser Data:",
    "_time": "2025-08-06T17:24:22.000+00:00",
    "source": "WinEventLog:Microsoft-Windows-PowerShell/Operational",
    "sourcetype": "WinEventLog:Microsoft-Windows-PowerShell/Operational",
    "_bkt": "main~3~D9137144-2BA4-49FB-A605-EB695929BB1A",
    "_cd": "3:16699",
    "_indextime": "1754501062",
    "_serial": "53",
    "_si": [
      "PS-DEV-01",
      "main"
    ],
    "_sourcetype": "WinEventLog:Microsoft-Windows-PowerShell/Operational",
    "host": "PS-VICTIM-01",
    "index": "main",
    "linecount": "38",
    "splunk_server": "PS-DEV-01"
  },
  {
    "_raw": "08/06/2025 05:24:22 PM\nLogName=Microsoft-Windows-PowerShell/Operational\nEventCode=4103\nEventType=4\nComputerName=PS-VICTIM-01.powershellsentinel.local\nUser=NOT_TRANSLATED\nSid=S-1-5-21-3587967245-3585281529-945259784-500\nSidType=0\nSourceName=Microsoft-Windows-PowerShell\nType=Information\nRecordNumber=468\nKeywords=None\nTaskCategory=Executing Pipeline\nOpCode=To be used when operation is just executing a method\nMessage=CommandInvocation(Set-StrictMode): \"Set-StrictMode\"\nParameterBinding(Set-StrictMode): name=\"Off\"; value=\"True\"\n\n\nContext:\n        Severity = Informational\n        Host Name = ConsoleHost\n        Host Version = 5.1.20348.3932\n        Host ID = 3d722da8-4c22-4035-ae86-da8b8d39bbd9\n        Host Application = powershell.exe -Command Get-NetIPAddress\n        Engine Version = 5.1.20348.3932\n        Runspace ID = a126cfe4-e1d1-496d-9c5a-1ee8bf7f15cd\n        Pipeline ID = 20\n        Command Name = Set-StrictMode\n        Command Type = Cmdlet\n        Script Name = \n        Command Path = \n        Sequence Number = 74\n        User = POWERSHELLSENTI\\lab_admin\n        Connected User = \n        Shell ID = Microsoft.PowerShell\n\n\nUser Data:",
    "_time": "2025-08-06T17:24:22.000+00:00",
    "source": "WinEventLog:Microsoft-Windows-PowerShell/Operational",
    "sourcetype": "WinEventLog:Microsoft-Windows-PowerShell/Operational",
    "_bkt": "main~3~D9137144-2BA4-49FB-A605-EB695929BB1A",
    "_cd": "3:16661",
    "_indextime": "1754501062",
    "_serial": "54",
    "_si": [
      "PS-DEV-01",
      "main"
    ],
    "_sourcetype": "WinEventLog:Microsoft-Windows-PowerShell/Operational",
    "host": "PS-VICTIM-01",
    "index": "main",
    "linecount": "38",
    "splunk_server": "PS-DEV-01"
  },
  {
    "_raw": "08/06/2025 05:24:22 PM\nLogName=Microsoft-Windows-PowerShell/Operational\nEventCode=4104\nEventType=3\nComputerName=PS-VICTIM-01.powershellsentinel.local\nUser=NOT_TRANSLATED\nSid=S-1-5-21-3587967245-3585281529-945259784-500\nSidType=0\nSourceName=Microsoft-Windows-PowerShell\nType=Warning\nRecordNumber=467\nKeywords=None\nTaskCategory=Execute a Remote Command\nOpCode=On create calls\nMessage=Creating Scriptblock text (2 of 2):\n  $__cmdletization_returnValue = $null\n      $__cmdletization_methodInvocationInfo = [Microsoft.PowerShell.Cmdletization.MethodInvocationInfo]::new('cim:ModifyInstance', $__cmdletization_methodParameters, $__cmdletization_returnValue)\n      $__cmdletization_passThru = $PSBoundParameters.ContainsKey('PassThru') -and $PassThru\n            if ($PSBoundParameters.ContainsKey('InputObject')) {\n                foreach ($x in $InputObject) { $__cmdletization_objectModelWrapper.ProcessRecord($x, $__cmdletization_methodInvocationInfo, $__cmdletization_PassThru) }\n            } else {\n                $__cmdletization_objectModelWrapper.ProcessRecord($__cmdletization_queryBuilder, $__cmdletization_methodInvocationInfo, $__cmdletization_PassThru)\n            }\n        }\n    }\n\n            }\n        }\n        catch\n        {\n            $__cmdletization_exceptionHasBeenThrown = $true\n            throw\n        }\n    }\n        \n\n    End {\n        try\n        {\n            if (-not $__cmdletization_exceptionHasBeenThrown)\n            {\n                $__cmdletization_objectModelWrapper.EndProcessing()\n            }\n        }\n        catch\n        {\n            throw\n        }\n    }\n\n    # .EXTERNALHELP MSFT_NetOffloadGlobalSetting.cdxml-Help.xml\n}\nMicrosoft.PowerShell.Core\\Export-ModuleMember -Function 'Set-NetOffloadGlobalSetting' -Alias '*'\n        \n\n\nScriptBlock ID: b6a8cb29-a9ec-4490-95ec-d95f7bc63bca\nPath:",
    "_time": "2025-08-06T17:24:22.000+00:00",
    "source": "WinEventLog:Microsoft-Windows-PowerShell/Operational",
    "sourcetype": "WinEventLog:Microsoft-Windows-PowerShell/Operational",
    "_bkt": "main~3~D9137144-2BA4-49FB-A605-EB695929BB1A",
    "_cd": "3:16601",
    "_indextime": "1754501062",
    "_serial": "55",
    "_si": [
      "PS-DEV-01",
      "main"
    ],
    "_sourcetype": "WinEventLog:Microsoft-Windows-PowerShell/Operational",
    "host": "PS-VICTIM-01",
    "index": "main",
    "linecount": "58",
    "splunk_server": "PS-DEV-01"
  },
