  {
    "_raw": "08/06/2025 05:24:43 PM\nLogName=Microsoft-Windows-PowerShell/Operational\nEventCode=4103\nEventType=4\nComputerName=PS-VICTIM-01.powershellsentinel.local\nUser=NOT_TRANSLATED\nSid=S-1-5-21-3587967245-3585281529-945259784-500\nSidType=0\nSourceName=Microsoft-Windows-PowerShell\nType=Information\nRecordNumber=564\nKeywords=None\nTaskCategory=Executing Pipeline\nOpCode=To be used when operation is just executing a method\nMessage=CommandInvocation(Export-ModuleMember): \"Export-ModuleMember\"\nParameterBinding(Export-ModuleMember): name=\"Function\"; value=\"Set-NetIPv6Protocol\"\nParameterBinding(Export-ModuleMember): name=\"Alias\"; value=\"*\"\n\n\nContext:\n        Severity = Informational\n        Host Name = ConsoleHost\n        Host Version = 5.1.20348.3932\n        Host ID = 49676010-e625-42cf-8e30-283ec0bb3b53\n        Host Application = powershell.exe -Command Get-NetRoute\n        Engine Version = 5.1.20348.3932\n        Runspace ID = 732a0e6b-7e97-4496-9632-404c49335999\n        Pipeline ID = 20\n        Command Name = Export-ModuleMember\n        Command Type = Cmdlet\n        Script Name = \n        Command Path = \n        Sequence Number = 60\n        User = POWERSHELLSENTI\\lab_admin\n        Connected User = \n        Shell ID = Microsoft.PowerShell\n\n\nUser Data:",
    "_time": "2025-08-06T17:24:43.000+00:00",
    "source": "WinEventLog:Microsoft-Windows-PowerShell/Operational",
    "sourcetype": "WinEventLog:Microsoft-Windows-PowerShell/Operational",
    "_bkt": "main~3~D9137144-2BA4-49FB-A605-EB695929BB1A",
    "_cd": "3:31469",
    "_indextime": "1754501083",
    "_serial": "69",
    "_si": [
      "PS-DEV-01",
      "main"
    ],
    "_sourcetype": "WinEventLog:Microsoft-Windows-PowerShell/Operational",
    "host": "PS-VICTIM-01",
    "index": "main",
    "linecount": "39",
    "splunk_server": "PS-DEV-01"
  },
  {
    "_raw": "08/06/2025 05:24:43 PM\nLogName=Microsoft-Windows-PowerShell/Operational\nEventCode=4103\nEventType=4\nComputerName=PS-VICTIM-01.powershellsentinel.local\nUser=NOT_TRANSLATED\nSid=S-1-5-21-3587967245-3585281529-945259784-500\nSidType=0\nSourceName=Microsoft-Windows-PowerShell\nType=Information\nRecordNumber=563\nKeywords=None\nTaskCategory=Executing Pipeline\nOpCode=To be used when operation is just executing a method\nMessage=CommandInvocation(Export-ModuleMember): \"Export-ModuleMember\"\nParameterBinding(Export-ModuleMember): name=\"Function\"; value=\"Get-NetIPv6Protocol\"\nParameterBinding(Export-ModuleMember): name=\"Alias\"; value=\"*\"\n\n\nContext:\n        Severity = Informational\n        Host Name = ConsoleHost\n        Host Version = 5.1.20348.3932\n        Host ID = 49676010-e625-42cf-8e30-283ec0bb3b53\n        Host Application = powershell.exe -Command Get-NetRoute\n        Engine Version = 5.1.20348.3932\n        Runspace ID = 732a0e6b-7e97-4496-9632-404c49335999\n        Pipeline ID = 20\n        Command Name = Export-ModuleMember\n        Command Type = Cmdlet\n        Script Name = \n        Command Path = \n        Sequence Number = 58\n        User = POWERSHELLSENTI\\lab_admin\n        Connected User = \n        Shell ID = Microsoft.PowerShell\n\n\nUser Data:",
    "_time": "2025-08-06T17:24:43.000+00:00",
    "source": "WinEventLog:Microsoft-Windows-PowerShell/Operational",
    "sourcetype": "WinEventLog:Microsoft-Windows-PowerShell/Operational",
    "_bkt": "main~3~D9137144-2BA4-49FB-A605-EB695929BB1A",
    "_cd": "3:31428",
    "_indextime": "1754501083",
    "_serial": "70",
    "_si": [
      "PS-DEV-01",
      "main"
    ],
    "_sourcetype": "WinEventLog:Microsoft-Windows-PowerShell/Operational",
    "host": "PS-VICTIM-01",
    "index": "main",
    "linecount": "39",
    "splunk_server": "PS-DEV-01"
  },
  {
    "_raw": "08/06/2025 05:24:43 PM\nLogName=Microsoft-Windows-PowerShell/Operational\nEventCode=4103\nEventType=4\nComputerName=PS-VICTIM-01.powershellsentinel.local\nUser=NOT_TRANSLATED\nSid=S-1-5-21-3587967245-3585281529-945259784-500\nSidType=0\nSourceName=Microsoft-Windows-PowerShell\nType=Information\nRecordNumber=562\nKeywords=None\nTaskCategory=Executing Pipeline\nOpCode=To be used when operation is just executing a method\nMessage=CommandInvocation(Export-ModuleMember): \"Export-ModuleMember\"\nParameterBinding(Export-ModuleMember): name=\"Function\"; value=\"\"\n\n\nContext:\n        Severity = Informational\n        Host Name = ConsoleHost\n        Host Version = 5.1.20348.3932\n        Host ID = 49676010-e625-42cf-8e30-283ec0bb3b53\n        Host Application = powershell.exe -Command Get-NetRoute\n        Engine Version = 5.1.20348.3932\n        Runspace ID = 732a0e6b-7e97-4496-9632-404c49335999\n        Pipeline ID = 20\n        Command Name = Export-ModuleMember\n        Command Type = Cmdlet\n        Script Name = \n        Command Path = \n        Sequence Number = 56\n        User = POWERSHELLSENTI\\lab_admin\n        Connected User = \n        Shell ID = Microsoft.PowerShell\n\n\nUser Data:",
    "_time": "2025-08-06T17:24:43.000+00:00",
    "source": "WinEventLog:Microsoft-Windows-PowerShell/Operational",
    "sourcetype": "WinEventLog:Microsoft-Windows-PowerShell/Operational",
    "_bkt": "main~3~D9137144-2BA4-49FB-A605-EB695929BB1A",
    "_cd": "3:31390",
    "_indextime": "1754501083",
    "_serial": "71",
    "_si": [
      "PS-DEV-01",
      "main"
    ],
    "_sourcetype": "WinEventLog:Microsoft-Windows-PowerShell/Operational",
    "host": "PS-VICTIM-01",
    "index": "main",
    "linecount": "38",
    "splunk_server": "PS-DEV-01"
  },
  {
    "_raw": "08/06/2025 05:24:43 PM\nLogName=Microsoft-Windows-PowerShell/Operational\nEventCode=4103\nEventType=4\nComputerName=PS-VICTIM-01.powershellsentinel.local\nUser=NOT_TRANSLATED\nSid=S-1-5-21-3587967245-3585281529-945259784-500\nSidType=0\nSourceName=Microsoft-Windows-PowerShell\nType=Information\nRecordNumber=561\nKeywords=None\nTaskCategory=Executing Pipeline\nOpCode=To be used when operation is just executing a method\nMessage=CommandInvocation(Set-StrictMode): \"Set-StrictMode\"\nParameterBinding(Set-StrictMode): name=\"Off\"; value=\"True\"\n\n\nContext:\n        Severity = Informational\n        Host Name = ConsoleHost\n        Host Version = 5.1.20348.3932\n        Host ID = 49676010-e625-42cf-8e30-283ec0bb3b53\n        Host Application = powershell.exe -Command Get-NetRoute\n        Engine Version = 5.1.20348.3932\n        Runspace ID = 732a0e6b-7e97-4496-9632-404c49335999\n        Pipeline ID = 20\n        Command Name = Set-StrictMode\n        Command Type = Cmdlet\n        Script Name = \n        Command Path = \n        Sequence Number = 54\n        User = POWERSHELLSENTI\\lab_admin\n        Connected User = \n        Shell ID = Microsoft.PowerShell\n\n\nUser Data:",
    "_time": "2025-08-06T17:24:43.000+00:00",
    "source": "WinEventLog:Microsoft-Windows-PowerShell/Operational",
    "sourcetype": "WinEventLog:Microsoft-Windows-PowerShell/Operational",
    "_bkt": "main~3~D9137144-2BA4-49FB-A605-EB695929BB1A",
    "_cd": "3:31352",
    "_indextime": "1754501083",
    "_serial": "72",
    "_si": [
      "PS-DEV-01",
      "main"
    ],
    "_sourcetype": "WinEventLog:Microsoft-Windows-PowerShell/Operational",
    "host": "PS-VICTIM-01",
    "index": "main",
    "linecount": "38",
    "splunk_server": "PS-DEV-01"
  },
  {
    "_raw": "08/06/2025 05:24:43 PM\nLogName=Microsoft-Windows-PowerShell/Operational\nEventCode=4104\nEventType=3\nComputerName=PS-VICTIM-01.powershellsentinel.local\nUser=NOT_TRANSLATED\nSid=S-1-5-21-3587967245-3585281529-945259784-500\nSidType=0\nSourceName=Microsoft-Windows-PowerShell\nType=Warning\nRecordNumber=560\nKeywords=None\nTaskCategory=Execute a Remote Command\nOpCode=On create calls\nMessage=Splunk could not get the description for this event. Either the component that raises this event is not installed on your local computer or the installation is corrupt.\n\nFormatMessage error:\n\nGot the following information from this event: \n\nocol.RandomizeIdentifiers'; Bindings = 'In'; Value = $__cmdletization_defaultValue; IsValuePresent = $__cmdletization_defaultValueIsPresent}\n          }\n          $__cmdletization_methodParameters.Add($__cmdletization_methodParameter)\n\n          [object]$__cmdletization_defaultValue = $null\n          [object]$__cmdletization_defaultValueIsPresent = $false\n          if ($PSBoundParameters.ContainsKey('AddressMaskReply')) {\n            [object]$__cmdletization_value = ${AddressMaskReply}\n            $__cmdletization_methodParameter = [Microsoft.PowerShell.Cmdletization.MethodParameter]@{Name = 'AddressMaskReply'; ParameterType = 'Microsoft.PowerShell.Cmdletization.GeneratedTypes.NetIPv6Protocol.AddressMaskReply'; Bindings = 'In'; Value = $__cmdletization_value; IsValuePresent = $true}\n          } else {\n            $__cmdletization_methodParameter = [Microsoft.PowerShell.Cmdletization.MethodParameter]@{Name = 'AddressMaskReply'; ParameterType = 'Microsoft.PowerShell.Cmdletization.GeneratedTypes.NetIPv6Protocol.AddressMaskReply'; Bindings = 'In'; Value = $__cmdletization_defaultValue; IsValuePresent = $__cmdletization_defaultValueIsPresent}\n          }\n          $__cmdletization_methodParameters.Add($__cmdletization_methodParameter)\n\n          [object]$__cmdletization_defaultValue = $null\n          [object]$__cmdletization_defaultValueIsPresent = $false\n          if ($PSBoundParameters.ContainsKey('DeadGatewayDetection')) {\n            [object]$__cmdletization_value = ${DeadGatewayDetection}\n            $__cmdletization_methodParameter = [Microsoft.PowerShell.Cmdletization.MethodParameter]@{Name = 'DeadGatewayDetection'; ParameterType = 'Microsoft.PowerShell.Cmdletization.GeneratedTypes.NetIPv6Protocol.DeadGatewayDetection'; Bindings = 'In'; Value = $__cmdletization_value; IsValuePresent = $true}\n          } else {\n            $__cmdletization_methodParameter = [Microsoft.PowerShell.Cmdletization.MethodParameter]@{Name = 'DeadGatewayDetection'; ParameterType = 'Microsoft.PowerShell.Cmdletization.GeneratedTypes.NetIPv6Protocol.DeadGatewayDetection'; Bindings = 'In'; Value = $__cmdletization_defaultValue; IsValuePresent = $__cmdletization_defaultValueIsPresent}\n          }\n          $__cmdletization_methodParameters.Add($__cmdletization_methodParameter)\n\n          [object]$__cmdletization_defaultValue = $null\n          [object]$__cmdletization_defaultValueIsPresent = $false\n          if ($PSBoundParameters.ContainsKey('UseTemporaryAddresses')) {\n            [object]$__cmdletization_value = ${UseTemporaryAddresses}\n            $__cmdletization_methodParameter = [Microsoft.PowerShell.Cmdletization.MethodParameter]@{Name = 'UseTemporaryAddresses'; ParameterType = 'Microsoft.PowerShell.Cmdletization.GeneratedTypes.NetIPv6Protocol.UseTemporaryAddresses'; Bindings = 'In'; Value = $__cmdletization_value; IsValuePresent = $true}\n          } else {\n            $__cmdletization_methodParameter = [Microsoft.PowerShell.Cmdletization.MethodParameter]@{Name = 'UseTemporaryAddresses'; ParameterType = 'Microsoft.PowerShell.Cmdletization.GeneratedTypes.NetIPv6Protocol.UseTemporaryAddresses'; Bindings = 'In'; Value = $__cmdletization_defaultValue; IsValuePresent = $__cmdletization_defaultValueIsPresent}\n          }\n          $__cmdletization_methodParameters.Add($__cmdletization_methodParameter)\n\n          [object]$__cmdletization_defaultValue = $null\n          [object]$__cmdletization_defaultValueIsPresent = $false\n          if ($PSBoundParameters.ContainsKey('MaxTemporaryDadAttempts')) {\n            [object]$__cmdletization_value = ${MaxTemporaryDadAttempts}\n            $__cmdletization_methodParameter = [Microsoft.PowerShell.Cmdletization.MethodParameter]@{Name = 'MaxDadAttempts'; ParameterType = 'System.UInt32'; Bindings = 'In'; Value = $__cmdletization_value; IsValuePresent = $true}\n          } else {\n            $__cmdletization_methodParameter = [Microsoft.PowerShell.Cmdletization.MethodParameter]@{Name = 'MaxDadAttempts'; ParameterType = 'System.UInt32'; Bindings = 'In'; Value = $__cmdletization_defaultValue; IsValuePresent = $__cmdletization_defaultValueIsPresent}\n          }\n          $__cmdletization_methodParameters.Add($__cmdletization_methodParameter)\n\n          [object]$__cmdletization_defaultValue = $null\n          [object]$__cmdletization_defaultValueIsPresent = $false\n          if ($PSBoundParameters.ContainsKey('MaxTemporaryValidLifetime')) {\n            [object]$__cmdletization_value = ${MaxTemporaryValidLifetime}\n            $__cmdletization_methodParameter = [Microsoft.PowerShell.Cmdletization.MethodParameter]@{Name = 'MaxValidLifetime'; ParameterType = 'System.TimeSpan'; Bindings = 'In'; Value = $__cmdletization_value; IsValuePresent = $true}\n          } else {\n            $__cmdletization_methodParameter = [Microsoft.PowerShell.Cmdletization.MethodParameter]@{Name = 'MaxValidLifetime'; ParameterType = 'System.TimeSpan'; Bindings = 'In'; Value = $__cmdletization_defaultValue; IsValuePresent = $__cmdletization_defaultValueIsPresent}\n          }\n          $__cmdletization_methodParameters.Add($__cmdletization_methodParameter)\n\n          [object]$__cmdletization_defaultValue = $null\n          [object]$__cmdletization_defaultValueIsPresent = $false\n          if ($PSBoundParameters.ContainsKey('MaxTemporaryPreferredLifetime')) {\n            [object]$__cmdletization_value = ${MaxTemporaryPreferredLifetime}\n            $__cmdletization_methodParameter = [Microsoft.PowerShell.Cmdletization.MethodParameter]@{Name = 'MaxPreferredLifetime'; ParameterType = 'System.TimeSpan'; Bindings = 'In'; Value = $__cmdletization_value; IsValuePresent = $true}\n          } else {\n            $__cmdletization_methodParameter = [Microsoft.PowerShell.Cmdletization.MethodParameter]@{Name = 'MaxPreferredLifetime'; ParameterType = 'System.TimeSpan'; Bindings = 'In'; Value = $__cmdletization_defaultValue; IsValuePresent = $__cmdletization_defaultValueIsPresent}\n          }\n          $__cmdletization_methodParameters.Add($__cmdletization_methodParameter)\n\n          [object]$__cmdletization_defaultValue = $null\n          [object]$__cmdletization_defaultValueIsPresent = $false\n          if ($PSBoundParameters.ContainsKey('TemporaryRegenerateTime')) {\n            [object]$__cmdletization_value = ${TemporaryRegenerateTime}\n            $__cmdletization_methodParameter = [Microsoft.PowerShell.Cmdletization.MethodParameter]@{Name = 'RegenerateTime'; ParameterType = 'System.TimeSpan'; Bindings = 'In'; Value = $__cmdletization_value; IsValuePresent = $true}\n          } else {\n            $__cmdletization_methodParameter = [Microsoft.PowerShell.Cmdletization.MethodParameter]@{Name = 'RegenerateTime'; ParameterType = 'System.TimeSpan'; Bindings = 'In'; Value = $__cmdletization_defaultValue; IsValuePresent = $__cmdletization_defaultValueIsPresent}\n          }\n          $__cmdletization_methodParameters.Add($__cmdletization_methodParameter)\n\n          [object]$__cmdletization_defaultValue = $null\n          [object]$__cmdletization_defaultValueIsPresent = $false\n          if ($PSBoundParameters.ContainsKey('MaxTemporaryDesyncTime')) {\n            [object]$__cmdletization_value = ${MaxTemporaryDesyncTime}\n            $__cmdletization_methodParameter = [Microsoft.PowerShell.Cmdletization.MethodParameter]@{Name = 'MaxRandomTime'; ParameterType = 'System.TimeSpan'; Bindings = 'In'; Value = $__cmdletization_value; IsValuePresent = $true}\n          } else {\n            $__cmdletization_methodParameter = [Microsoft.PowerShell.Cmdletization.MethodParameter]@{Name = 'MaxRandomTime'; ParameterType = 'System.TimeSpan'; Bindings = 'In'; Value = $__cmdletization_defaultValue; IsValuePresent = $__cmdletization_defaultValueIsPresent}\n          }\n          $__cmdletization_methodParameters.Add($__cmdletization_methodParameter)\n\n      $__cmdletization_returnValue = $null\n      $__cmdletization_methodInvocationInfo = [Microsoft.PowerShell.Cmdletization.MethodInvocationInfo]::new('cim:ModifyInstance', $__cmdletization_methodParameters, $__cmdletization_returnValue)\n      $__cmdletization_passThru = $PSBoundParameters.ContainsKey('PassThru') -and $PassThru\n            if ($PSBoundParameters.ContainsKey('InputObject')) {\n                foreach ($x in $InputObject) { $__cmdletization_objectModelWrapper.ProcessRecord($x, $__cmdletization_methodInvocationInfo, $__cmdletization_PassThru) }\n            } else {\n                $__cmdletization_objectModelWrapper.ProcessRecord($__cmdletization_queryBuilder, $__cmdletization_methodInvocationInfo, $__cmdletization_PassThru)\n            }\n        }\n    }\n\n            }\n        }\n        catch\n        {\n            $__cmdletization_exceptionHasBeenThrown = $true\n            throw\n        }\n    }\n        \n\n    End {\n        try\n        {\n            if (-not $__cmdletization_exceptionHasBeenThrown)\n            {\n                $__cmdletization_objectModelWrapper.EndProcessing()\n            }\n        }\n        catch\n        {\n            throw\n        }\n    }\n\n    # .EXTERNALHELP MSFT_NetIPv6Protocol.cdxml-Help.xml\n}\nMicrosoft.PowerShell.Core\\Export-ModuleMember -Function 'Set-NetIPv6Protocol' -Alias '*'\n        \n\n08b5628b-f830-4cee-92de-5f085ab89aa4",
    "_time": "2025-08-06T17:24:43.000+00:00",
    "source": "WinEventLog:Microsoft-Windows-PowerShell/Operational",
    "sourcetype": "WinEventLog:Microsoft-Windows-PowerShell/Operational",
    "_bkt": "main~3~D9137144-2BA4-49FB-A605-EB695929BB1A",
    "_cd": "3:31040",
    "_indextime": "1754501083",
    "_serial": "73",
    "_si": [
      "PS-DEV-01",
      "main"
    ],
    "_sourcetype": "WinEventLog:Microsoft-Windows-PowerShell/Operational",
    "host": "PS-VICTIM-01",
    "index": "main",
    "linecount": "145",
    "splunk_server": "PS-DEV-01"
  },
  {
    "_raw": "08/06/2025 05:24:43 PM\nLogName=Microsoft-Windows-PowerShell/Operational\nEventCode=4104\nEventType=3\nComputerName=PS-VICTIM-01.powershellsentinel.local\nUser=NOT_TRANSLATED\nSid=S-1-5-21-3587967245-3585281529-945259784-500\nSidType=0\nSourceName=Microsoft-Windows-PowerShell\nType=Warning\nRecordNumber=559\nKeywords=None\nTaskCategory=Execute a Remote Command\nOpCode=On create calls\nMessage=Splunk could not get the description for this event. Either the component that raises this event is not installed on your local computer or the installation is corrupt.\n\nFormatMessage error:\n\nGot the following information from this event: \n\n\n    [Parameter(ParameterSetName='InputObject (cdxml)')]\n    [Microsoft.PowerShell.Cmdletization.GeneratedTypes.NetIPv6Protocol.MulticastForwarding]\n    ${MulticastForwarding},\n\n    [Parameter(ParameterSetName='InputObject (cdxml)')]\n    [Microsoft.PowerShell.Cmdletization.GeneratedTypes.NetIPv6Protocol.GroupForwardedFragments]\n    ${GroupForwardedFragments},\n\n    [Parameter(ParameterSetName='InputObject (cdxml)')]\n    [Microsoft.PowerShell.Cmdletization.GeneratedTypes.NetIPv6Protocol.RandomizeIdentifiers]\n    ${RandomizeIdentifiers},\n\n    [Parameter(ParameterSetName='InputObject (cdxml)')]\n    [Microsoft.PowerShell.Cmdletization.GeneratedTypes.NetIPv6Protocol.AddressMaskReply]\n    ${AddressMaskReply},\n\n    [Parameter(ParameterSetName='InputObject (cdxml)')]\n    [Microsoft.PowerShell.Cmdletization.GeneratedTypes.NetIPv6Protocol.DeadGatewayDetection]\n    ${DeadGatewayDetection},\n\n    [Parameter(ParameterSetName='InputObject (cdxml)')]\n    [Microsoft.PowerShell.Cmdletization.GeneratedTypes.NetIPv6Protocol.UseTemporaryAddresses]\n    ${UseTemporaryAddresses},\n\n    [Parameter(ParameterSetName='InputObject (cdxml)')]\n    [Alias('MaxDadAttempts')]\n    [uint32]\n    ${MaxTemporaryDadAttempts},\n\n    [Parameter(ParameterSetName='InputObject (cdxml)')]\n    [Alias('MaxValidLifetime')]\n    [timespan]\n    ${MaxTemporaryValidLifetime},\n\n    [Parameter(ParameterSetName='InputObject (cdxml)')]\n    [Alias('MaxPreferredLifetime')]\n    [timespan]\n    ${MaxTemporaryPreferredLifetime},\n\n    [Parameter(ParameterSetName='InputObject (cdxml)')]\n    [Alias('RegenerateTime')]\n    [timespan]\n    ${TemporaryRegenerateTime},\n\n    [Parameter(ParameterSetName='InputObject (cdxml)')]\n    [Alias('MaxRandomTime')]\n    [timespan]\n    ${MaxTemporaryDesyncTime},\n\n    [Parameter(ParameterSetName='InputObject (cdxml)')]\n    [Alias('Session')]\n    [ValidateNotNullOrEmpty()]\n    [CimSession[]]\n    ${CimSession},\n\n    [Parameter(ParameterSetName='InputObject (cdxml)')]\n    [int]\n    ${ThrottleLimit},\n\n    [Parameter(ParameterSetName='InputObject (cdxml)')]\n    [switch]\n    ${AsJob},\n\n    [Parameter(ParameterSetName='InputObject (cdxml)')]\n    [switch]\n    ${PassThru})\n\n    DynamicParam {\n        try \n        {\n            if (-not $__cmdletization_exceptionHasBeenThrown)\n            {\n                $__cmdletization_objectModelWrapper = $script:ObjectModelWrapper::new()\n                $__cmdletization_objectModelWrapper.Initialize($PSCmdlet, $script:ClassName, $script:ClassVersion, $script:ModuleVersion, $script:PrivateData)\n\n                if ($__cmdletization_objectModelWrapper -is [System.Management.Automation.IDynamicParameters])\n                {\n                    ([System.Management.Automation.IDynamicParameters]$__cmdletization_objectModelWrapper).GetDynamicParameters()\n                }\n            }\n        }\n        catch\n        {\n            $__cmdletization_exceptionHasBeenThrown = $true\n            throw\n        }\n    }\n\n    Begin {\n        $__cmdletization_exceptionHasBeenThrown = $false\n        try \n        {\n            __cmdletization_BindCommonParameters $__cmdletization_objectModelWrapper $PSBoundParameters\n            $__cmdletization_objectModelWrapper.BeginProcessing()\n        }\n        catch\n        {\n            $__cmdletization_exceptionHasBeenThrown = $true\n            throw\n        }\n    }\n        \n\n    Process {\n        try \n        {\n            if (-not $__cmdletization_exceptionHasBeenThrown)\n            {\n    $__cmdletization_queryBuilder = $__cmdletization_objectModelWrapper.GetQueryBuilder()\n\n\n    $__cmdletization_methodParameters = [System.Collections.Generic.List[Microsoft.PowerShell.Cmdletization.MethodParameter]]::new()\n    switch -exact ($PSCmdlet.ParameterSetName) { \n        { @('InputObject (cdxml)') -contains $_ } {\n          [object]$__cmdletization_defaultValue = $null\n          [object]$__cmdletization_defaultValueIsPresent = $false\n          if ($PSBoundParameters.ContainsKey('DefaultHopLimit')) {\n            [object]$__cmdletization_value = ${DefaultHopLimit}\n            $__cmdletization_methodParameter = [Microsoft.PowerShell.Cmdletization.MethodParameter]@{Name = 'DefaultHopLimit'; ParameterType = 'System.UInt32'; Bindings = 'In'; Value = $__cmdletization_value; IsValuePresent = $true}\n          } else {\n            $__cmdletization_methodParameter = [Microsoft.PowerShell.Cmdletization.MethodParameter]@{Name = 'DefaultHopLimit'; ParameterType = 'System.UInt32'; Bindings = 'In'; Value = $__cmdletization_defaultValue; IsValuePresent = $__cmdletization_defaultValueIsPresent}\n          }\n          $__cmdletization_methodParameters.Add($__cmdletization_methodParameter)\n\n          [object]$__cmdletization_defaultValue = $null\n          [object]$__cmdletization_defaultValueIsPresent = $false\n          if ($PSBoundParameters.ContainsKey('NeighborCacheLimitEntries')) {\n            [object]$__cmdletization_value = ${NeighborCacheLimitEntries}\n            $__cmdletization_methodParameter = [Microsoft.PowerShell.Cmdletization.MethodParameter]@{Name = 'NeighborCacheLimit'; ParameterType = 'System.UInt32'; Bindings = 'In'; Value = $__cmdletization_value; IsValuePresent = $true}\n          } else {\n            $__cmdletization_methodParameter = [Microsoft.PowerShell.Cmdletization.MethodParameter]@{Name = 'NeighborCacheLimit'; ParameterType = 'System.UInt32'; Bindings = 'In'; Value = $__cmdletization_defaultValue; IsValuePresent = $__cmdletization_defaultValueIsPresent}\n          }\n          $__cmdletization_methodParameters.Add($__cmdletization_methodParameter)\n\n          [object]$__cmdletization_defaultValue = $null\n          [object]$__cmdletization_defaultValueIsPresent = $false\n          if ($PSBoundParameters.ContainsKey('RouteCacheLimitEntries')) {\n            [object]$__cmdletization_value = ${RouteCacheLimitEntries}\n            $__cmdletization_methodParameter = [Microsoft.PowerShell.Cmdletization.MethodParameter]@{Name = 'RouteCacheLimit'; ParameterType = 'System.UInt32'; Bindings = 'In'; Value = $__cmdletization_value; IsValuePresent = $true}\n          } else {\n            $__cmdletization_methodParameter = [Microsoft.PowerShell.Cmdletization.MethodParameter]@{Name = 'RouteCacheLimit'; ParameterType = 'System.UInt32'; Bindings = 'In'; Value = $__cmdletization_defaultValue; IsValuePresent = $__cmdletization_defaultValueIsPresent}\n          }\n          $__cmdletization_methodParameters.Add($__cmdletization_methodParameter)\n\n          [object]$__cmdletization_defaultValue = $null\n          [object]$__cmdletization_defaultValueIsPresent = $false\n          if ($PSBoundParameters.ContainsKey('ReassemblyLimitBytes')) {\n            [object]$__cmdletization_value = ${ReassemblyLimitBytes}\n            $__cmdletization_methodParameter = [Microsoft.PowerShell.Cmdletization.MethodParameter]@{Name = 'ReassemblyLimit'; ParameterType = 'System.UInt32'; Bindings = 'In'; Value = $__cmdletization_value; IsValuePresent = $true}\n          } else {\n            $__cmdletization_methodParameter = [Microsoft.PowerShell.Cmdletization.MethodParameter]@{Name = 'ReassemblyLimit'; ParameterType = 'System.UInt32'; Bindings = 'In'; Value = $__cmdletization_defaultValue; IsValuePresent = $__cmdletization_defaultValueIsPresent}\n          }\n          $__cmdletization_methodParameters.Add($__cmdletization_methodParameter)\n\n          [object]$__cmdletization_defaultValue = $null\n          [object]$__cmdletization_defaultValueIsPresent = $false\n          if ($PSBoundParameters.ContainsKey('IcmpRedirects')) {\n            [object]$__cmdletization_value = ${IcmpRedirects}\n            $__cmdletization_methodParameter = [Microsoft.PowerShell.Cmdletization.MethodParameter]@{Name = 'IcmpRedirects'; ParameterType = 'Microsoft.PowerShell.Cmdletization.GeneratedTypes.NetIPv6Protocol.IcmpRedirects'; Bindings = 'In'; Value = $__cmdletization_value; IsValuePresent = $true}\n          } else {\n            $__cmdletization_methodParameter = [Microsoft.PowerShell.Cmdletization.MethodParameter]@{Name = 'IcmpRedirects'; ParameterType = 'Microsoft.PowerShell.Cmdletization.GeneratedTypes.NetIPv6Protocol.IcmpRedirects'; Bindings = 'In'; Value = $__cmdletization_defaultValue; IsValuePresent = $__cmdletization_defaultValueIsPresent}\n          }\n          $__cmdletization_methodParameters.Add($__cmdletization_methodParameter)\n\n          [object]$__cmdletization_defaultValue = $null\n          [object]$__cmdletization_defaultValueIsPresent = $false\n          if ($PSBoundParameters.ContainsKey('SourceRoutingBehavior')) {\n            [object]$__cmdletization_value = ${SourceRoutingBehavior}\n            $__cmdletization_methodParameter = [Microsoft.PowerShell.Cmdletization.MethodParameter]@{Name = 'SourceRoutingBehavior'; ParameterType = 'Microsoft.PowerShell.Cmdletization.GeneratedTypes.NetIPv6Protocol.SourceRoutingBehavior'; Bindings = 'In'; Value = $__cmdletization_value; IsValuePresent = $true}\n          } else {\n            $__cmdletization_methodParameter = [Microsoft.PowerShell.Cmdletization.MethodParameter]@{Name = 'SourceRoutingBehavior'; ParameterType = 'Microsoft.PowerShell.Cmdletization.GeneratedTypes.NetIPv6Protocol.SourceRoutingBehavior'; Bindings = 'In'; Value = $__cmdletization_defaultValue; IsValuePresent = $__cmdletization_defaultValueIsPresent}\n          }\n          $__cmdletization_methodParameters.Add($__cmdletization_methodParameter)\n\n          [object]$__cmdletization_defaultValue = $null\n          [object]$__cmdletization_defaultValueIsPresent = $false\n          if ($PSBoundParameters.ContainsKey('DhcpMediaSense')) {\n            [object]$__cmdletization_value = ${DhcpMediaSense}\n            $__cmdletization_methodParameter = [Microsoft.PowerShell.Cmdletization.MethodParameter]@{Name = 'DhcpMediaSense'; ParameterType = 'Microsoft.PowerShell.Cmdletization.GeneratedTypes.NetIPv6Protocol.DhcpMediaSense'; Bindings = 'In'; Value = $__cmdletization_value; IsValuePresent = $true}\n          } else {\n            $__cmdletization_methodParameter = [Microsoft.PowerShell.Cmdletization.MethodParameter]@{Name = 'DhcpMediaSense'; ParameterType = 'Microsoft.PowerShell.Cmdletization.GeneratedTypes.NetIPv6Protocol.DhcpMediaSense'; Bindings = 'In'; Value = $__cmdletization_defaultValue; IsValuePresent = $__cmdletization_defaultValueIsPresent}\n          }\n          $__cmdletization_methodParameters.Add($__cmdletization_methodParameter)\n\n          [object]$__cmdletization_defaultValue = $null\n          [object]$__cmdletization_defaultValueIsPresent = $false\n          if ($PSBoundParameters.ContainsKey('MediaSenseEventLog')) {\n            [object]$__cmdletization_value = ${MediaSenseEventLog}\n            $__cmdletization_methodParameter = [Microsoft.PowerShell.Cmdletization.MethodParameter]@{Name = 'MediaSenseEventLog'; ParameterType = 'Microsoft.PowerShell.Cmdletization.GeneratedTypes.NetIPv6Protocol.MediaSenseEventLog'; Bindings = 'In'; Value = $__cmdletization_value; IsValuePresent = $true}\n          } else {\n            $__cmdletization_methodParameter = [Microsoft.PowerShell.Cmdletization.MethodParameter]@{Name = 'MediaSenseEventLog'; ParameterType = 'Microsoft.PowerShell.Cmdletization.GeneratedTypes.NetIPv6Protocol.MediaSenseEventLog'; Bindings = 'In'; Value = $__cmdletization_defaultValue; IsValuePresent = $__cmdletization_defaultValueIsPresent}\n          }\n          $__cmdletization_methodParameters.Add($__cmdletization_methodParameter)\n\n          [object]$__cmdletization_defaultValue = $null\n          [object]$__cmdletization_defaultValueIsPresent = $false\n          if ($PSBoundParameters.ContainsKey('MldLevel')) {\n            [object]$__cmdletization_value = ${MldLevel}\n            $__cmdletization_methodParameter = [Microsoft.PowerShell.Cmdletization.MethodParameter]@{Name = 'MldLevel'; ParameterType = 'Microsoft.PowerShell.Cmdletization.GeneratedTypes.NetIPv6Protocol.MldLevel'; Bindings = 'In'; Value = $__cmdletization_value; IsValuePresent = $true}\n          } else {\n            $__cmdletization_methodParameter = [Microsoft.PowerShell.Cmdletization.MethodParameter]@{Name = 'MldLevel'; ParameterType = 'Microsoft.PowerShell.Cmdletization.GeneratedTypes.NetIPv6Protocol.MldLevel'; Bindings = 'In'; Value = $__cmdletization_defaultValue; IsValuePresent = $__cmdletization_defaultValueIsPresent}\n          }\n          $__cmdletization_methodParameters.Add($__cmdletization_methodParameter)\n\n          [object]$__cmdletization_defaultValue = $null\n          [object]$__cmdletization_defaultValueIsPresent = $false\n          if ($PSBoundParameters.ContainsKey('MldVersion')) {\n            [object]$__cmdletization_value = ${MldVersion}\n            $__cmdletization_methodParameter = [Microsoft.PowerShell.Cmdletization.MethodParameter]@{Name = 'MldVersion'; ParameterType = 'Microsoft.PowerShell.Cmdletization.GeneratedTypes.NetIPv6Protocol.MldVersion'; Bindings = 'In'; Value = $__cmdletization_value; IsValuePresent = $true}\n          } else {\n            $__cmdletization_methodParameter = [Microsoft.PowerShell.Cmdletization.MethodParameter]@{Name = 'MldVersion'; ParameterType = 'Microsoft.PowerShell.Cmdletization.GeneratedTypes.NetIPv6Protocol.MldVersion'; Bindings = 'In'; Value = $__cmdletization_defaultValue; IsValuePresent = $__cmdletization_defaultValueIsPresent}\n          }\n          $__cmdletization_methodParameters.Add($__cmdletization_methodParameter)\n\n          [object]$__cmdletization_defaultValue = $null\n          [object]$__cmdletization_defaultValueIsPresent = $false\n          if ($PSBoundParameters.ContainsKey('MulticastForwarding')) {\n            [object]$__cmdletization_value = ${MulticastForwarding}\n            $__cmdletization_methodParameter = [Microsoft.PowerShell.Cmdletization.MethodParameter]@{Name = 'MulticastForwarding'; ParameterType = 'Microsoft.PowerShell.Cmdletization.GeneratedTypes.NetIPv6Protocol.MulticastForwarding'; Bindings = 'In'; Value = $__cmdletization_value; IsValuePresent = $true}\n          } else {\n            $__cmdletization_methodParameter = [Microsoft.PowerShell.Cmdletization.MethodParameter]@{Name = 'MulticastForwarding'; ParameterType = 'Microsoft.PowerShell.Cmdletization.GeneratedTypes.NetIPv6Protocol.MulticastForwarding'; Bindings = 'In'; Value = $__cmdletization_defaultValue; IsValuePresent = $__cmdletization_defaultValueIsPresent}\n          }\n          $__cmdletization_methodParameters.Add($__cmdletization_methodParameter)\n\n          [object]$__cmdletization_defaultValue = $null\n          [object]$__cmdletization_defaultValueIsPresent = $false\n          if ($PSBoundParameters.ContainsKey('GroupForwardedFragments')) {\n            [object]$__cmdletization_value = ${GroupForwardedFragments}\n            $__cmdletization_methodParameter = [Microsoft.PowerShell.Cmdletization.MethodParameter]@{Name = 'GroupForwardedFragments'; ParameterType = 'Microsoft.PowerShell.Cmdletization.GeneratedTypes.NetIPv6Protocol.GroupForwardedFragments'; Bindings = 'In'; Value = $__cmdletization_value; IsValuePresent = $true}\n          } else {\n            $__cmdletization_methodParameter = [Microsoft.PowerShell.Cmdletization.MethodParameter]@{Name = 'GroupForwardedFragments'; ParameterType = 'Microsoft.PowerShell.Cmdletization.GeneratedTypes.NetIPv6Protocol.GroupForwardedFragments'; Bindings = 'In'; Value = $__cmdletization_defaultValue; IsValuePresent = $__cmdletization_defaultValueIsPresent}\n          }\n          $__cmdletization_methodParameters.Add($__cmdletization_methodParameter)\n\n          [object]$__cmdletization_defaultValue = $null\n          [object]$__cmdletization_defaultValueIsPresent = $false\n          if ($PSBoundParameters.ContainsKey('RandomizeIdentifiers')) {\n            [object]$__cmdletization_value = ${RandomizeIdentifiers}\n            $__cmdletization_methodParameter = [Microsoft.PowerShell.Cmdletization.MethodParameter]@{Name = 'RandomizeIdentifiers'; ParameterType = 'Microsoft.PowerShell.Cmdletization.GeneratedTypes.NetIPv6Protocol.RandomizeIdentifiers'; Bindings = 'In'; Value = $__cmdletization_value; IsValuePresent = $true}\n          } else {\n            $__cmdletization_methodParameter = [Microsoft.PowerShell.Cmdletization.MethodParameter]@{Name = 'RandomizeIdentifiers'; ParameterType = 'Microsoft.PowerShell.Cmdletization.GeneratedTypes.NetIPv6Prot\n08b5628b-f830-4cee-92de-5f085ab89aa4",
    "_time": "2025-08-06T17:24:43.000+00:00",
    "source": "WinEventLog:Microsoft-Windows-PowerShell/Operational",
    "sourcetype": "WinEventLog:Microsoft-Windows-PowerShell/Operational",
    "_bkt": "main~3~D9137144-2BA4-49FB-A605-EB695929BB1A",
    "_cd": "3:30503",
    "_indextime": "1754501083",
    "_serial": "74",
    "_si": [
      "PS-DEV-01",
      "main"
    ],
    "_sourcetype": "WinEventLog:Microsoft-Windows-PowerShell/Operational",
    "host": "PS-VICTIM-01",
    "index": "main",
    "linecount": "263",
    "splunk_server": "PS-DEV-01"
  },
